
> xiuxian-open-world-canvas-rpg@0.1.0 dev
> vite --host 0.0.0.0 --host 127.0.0.1 --port 5176


  [32m[1mVITE[22m v5.4.21[39m  [2mready in [0m[1m459[22m[2m[0m ms[22m

  [32m➜[39m  [1mLocal[22m:   [36mhttp://127.0.0.1:[1m5176[22m/[39m
[2m11:48:44[22m [36m[1m[vite][22m[39m [32mpage reload [39m[2msrc/world/constants.ts[22m
[2m11:48:49[22m [36m[1m[vite][22m[39m [32mpage reload [39m[2msrc/world/tiles.ts[22m
[2m11:49:01[22m [36m[1m[vite][22m[39m [32mpage reload [39m[2msrc/world/WorldMap.ts[22m
[2m11:49:19[22m [36m[1m[vite][22m[39m [32mpage reload [39m[2msrc/render/MiniMapRenderer.ts[22m
[2m11:49:28[22m [36m[1m[vite][22m[39m [32mpage reload [39m[2msrc/input/InputManager.ts[22m
[2m11:49:47[22m [36m[1m[vite][22m[39m [32mpage reload [39m[2msrc/core/Game.ts[22m
[2m11:49:55[22m [36m[1m[vite][22m[39m [32mpage reload [39m[2msrc/core/Game.ts[22m
[2m11:50:04[22m [36m[1m[vite][22m[39m [32mpage reload [39m[2msrc/ui/UIManager.ts[22m
[2m11:50:09[22m [36m[1m[vite][22m[39m [32mpage reload [39m[2msrc/core/Game.ts[22m
[2m11:50:38[22m [36m[1m[vite][22m[39m [32mpage reload [39m[2msrc/world/WorldGenerator.ts[22m
[2m11:50:57[22m [36m[1m[vite][22m[39m [32mpage reload [39m[2msrc/world/WorldGenerator.ts[22m
[2m11:51:02[22m [36m[1m[vite][22m[39m [32mpage reload [39m[2msrc/world/WorldGenerator.ts[22m
[2m11:51:31[22m [36m[1m[vite][22m[39m [32mpage reload [39m[2msrc/assets/builtinTiles.ts[22m
[2m11:51:42[22m [36m[1m[vite][22m[39m [32mpage reload [39m[2msrc/input/InputManager.ts[22m
[2m11:52:03[22m [36m[1m[vite][22m[39m [32mhmr update [39m[2m/src/styles.css[22m
[2m11:52:39[22m [36m[1m[vite][22m[39m [32mpage reload [39m[2msrc/world/WorldGenerator.ts[22m
[2m11:57:20[22m [36m[1m[vite][22m[39m [32mpage reload [39m[2msrc/core/Game.ts[22m
[2m11:58:46[22m [36m[1m[vite][22m[39m [32mpage reload [39m[2msrc/render/CanvasRenderer.ts[22m
[2m11:59:00[22m [36m[1m[vite][22m[39m [32mpage reload [39m[2msrc/render/CanvasRenderer.ts[22m
[2m12:44:03[22m [36m[1m[vite][22m[39m [32mpage reload [39m[2msrc/world/constants.ts[22m
[2m12:44:10[22m [36m[1m[vite][22m[39m [32mpage reload [39m[2msrc/world/tiles.ts[22m
[2m12:44:59[22m [36m[1m[vite][22m[39m [32mpage reload [39m[2msrc/inventory/Inventory.ts[22m
[2m12:45:32[22m [36m[1m[vite][22m[39m [32mpage reload [39m[2msrc/entities/Player.ts[22m
[2m12:45:39[22m [36m[1m[vite][22m[39m [32mpage reload [39m[2msrc/entities/Player.ts[22m
[2m12:46:06[22m [36m[1m[vite][22m[39m [32mpage reload [39m[2msrc/world/WorldMap.ts[22m
[2m12:46:48[22m [36m[1m[vite][22m[39m [32mpage reload [39m[2msrc/assets/builtinTiles.ts[22m
[2m12:50:44[22m [36m[1m[vite][22m[39m [32mpage reload [39m[2msrc/world/constants.ts[22m
[2m12:51:32[22m [36m[1m[vite][22m[39m [32mpage reload [39m[2msrc/inventory/Inventory.ts[22m
[2m12:51:45[22m [36m[1m[vite][22m[39m [32mpage reload [39m[2msrc/world/WorldGenerator.ts[22m
[2m12:52:13[22m [36m[1m[vite][22m[39m [32mpage reload [39m[2msrc/world/WorldGenerator.ts[22m
[2m12:53:34[22m [36m[1m[vite][22m[39m [32mpage reload [39m[2msrc/world/WorldGenerator.ts[22m
[2m12:53:44[22m [36m[1m[vite][22m[39m [32mpage reload [39m[2msrc/world/WorldGenerator.ts[22m
[2m12:54:45[22m [36m[1m[vite][22m[39m [32mpage reload [39m[2msrc/inventory/Inventory.ts[22m
[2m12:55:01[22m [36m[1m[vite][22m[39m [32mpage reload [39m[2msrc/save/SaveSystem.ts[22m
[2m12:55:08[22m [36m[1m[vite][22m[39m [32mpage reload [39m[2msrc/core/Camera.ts[22m
[2m12:56:43[22m [36m[1m[vite][22m[39m [32mpage reload [39m[2msrc/ui/UIManager.ts[22m
[2m12:57:16[22m [36m[1m[vite][22m[39m [32mpage reload [39m[2msrc/core/Game.ts[22m
[2m12:57:29[22m [36m[1m[vite][22m[39m [32mpage reload [39m[2msrc/core/Game.ts[22m
[2m12:57:39[22m [36m[1m[vite][22m[39m [32mpage reload [39m[2msrc/core/Game.ts[22m
[2m12:58:09[22m [36m[1m[vite][22m[39m [32mpage reload [39m[2msrc/core/Game.ts[22m
[2m12:58:34[22m [36m[1m[vite][22m[39m [32mpage reload [39m[2msrc/core/Game.ts[22m
[2m12:58:45[22m [36m[1m[vite][22m[39m [32mpage reload [39m[2msrc/core/Game.ts[22m
[2m12:59:00[22m [36m[1m[vite][22m[39m [32mpage reload [39m[2msrc/core/Game.ts[22m
[2m12:59:06[22m [36m[1m[vite][22m[39m [32mpage reload [39m[2msrc/render/MiniMapRenderer.ts[22m
[2m12:59:23[22m [36m[1m[vite][22m[39m [32mhmr update [39m[2m/src/styles.css[22m
[2m13:00:31[22m [36m[1m[vite][22m[39m [32mpage reload [39m[2msrc/entities/Player.ts[22m
[2m13:00:39[22m [36m[1m[vite][22m[39m [32mpage reload [39m[2msrc/world/WorldGenerator.ts[22m
[2m13:00:45[22m [36m[1m[vite][22m[39m [32mpage reload [39m[2msrc/world/WorldGenerator.ts[22m
[2m13:00:59[22m [36m[1m[vite][22m[39m [32mpage reload [39m[2msrc/ui/UIManager.ts[22m
[2m13:01:29[22m [36m[1m[vite][22m[39m [32mpage reload [39m[2msrc/core/Game.ts[22m
[2m14:32:15[22m [36m[1m[vite][22m[39m [32mpage reload [39m[2msrc/assets/builtinTiles.ts[22m
[2m14:32:22[22m [36m[1m[vite][22m[39m [32mpage reload [39m[2msrc/render/MiniMapRenderer.ts[22m
[2m14:32:42[22m [36m[1m[vite][22m[39m [32mpage reload [39m[2msrc/core/Game.ts[22m
[2m14:33:48[22m [36m[1m[vite][22m[39m [32mpage reload [39m[2msrc/core/Game.ts[22m
[2m14:34:59[22m [36m[1m[vite][22m[39m [32mpage reload [39m[2msrc/render/MiniMapRenderer.ts[22m
[2m14:35:41[22m [36m[1m[vite][22m[39m [32mpage reload [39m[2msrc/render/MiniMapRenderer.ts[22m
[2m14:40:51[22m [36m[1m[vite][22m[39m [32mpage reload [39m[2msrc/ui/UIManager.ts[22m
[2m14:41:12[22m [36m[1m[vite][22m[39m [32mhmr update [39m[2m/src/styles.css[22m
[2m14:45:09[22m [36m[1m[vite][22m[39m [32mpage reload [39m[2msrc/ui/UIManager.ts[22m
[2m14:45:32[22m [36m[1m[vite][22m[39m [32mpage reload [39m[2msrc/ui/UIManager.ts[22m
[2m14:45:51[22m [36m[1m[vite][22m[39m [32mpage reload [39m[2msrc/ui/UIManager.ts[22m
[2m14:46:02[22m [36m[1m[vite][22m[39m [32mpage reload [39m[2msrc/ui/UIManager.ts[22m
[2m14:46:19[22m [36m[1m[vite][22m[39m [32mpage reload [39m[2msrc/core/Game.ts[22m
[2m14:46:35[22m [36m[1m[vite][22m[39m [32mpage reload [39m[2msrc/core/Game.ts[22m
[2m14:46:43[22m [36m[1m[vite][22m[39m [32mpage reload [39m[2msrc/core/Game.ts[22m
[2m14:47:10[22m [36m[1m[vite][22m[39m [32mpage reload [39m[2msrc/core/Game.ts[22m
[2m14:47:21[22m [36m[1m[vite][22m[39m [32mpage reload [39m[2msrc/core/Game.ts[22m
[2m14:48:35[22m [36m[1m[vite][22m[39m [32mpage reload [39m[2msrc/core/Game.ts[22m
[2m14:48:51[22m [36m[1m[vite][22m[39m [32mpage reload [39m[2msrc/core/Game.ts[22m
[2m14:49:07[22m [36m[1m[vite][22m[39m [32mpage reload [39m[2msrc/core/Game.ts[22m
[2m14:49:37[22m [36m[1m[vite][22m[39m [32mhmr update [39m[2m/src/styles.css[22m
[2m14:50:57[22m [36m[1m[vite][22m[39m [32mpage reload [39m[2msrc/core/Game.ts[22m
[2m14:51:25[22m [36m[1m[vite][22m[39m [32mpage reload [39m[2msrc/core/Game.ts[22m
[2m14:51:36[22m [36m[1m[vite][22m[39m [32mpage reload [39m[2msrc/core/Game.ts[22m
[2m14:51:50[22m [36m[1m[vite][22m[39m [32mpage reload [39m[2msrc/core/Game.ts[22m
[2m14:52:00[22m [36m[1m[vite][22m[39m [32mpage reload [39m[2msrc/ui/UIManager.ts[22m
[2m14:59:25[22m [36m[1m[vite][22m[39m [32mpage reload [39m[2msrc/ui/UIManager.ts[22m
[2m14:59:35[22m [36m[1m[vite][22m[39m [32mpage reload [39m[2msrc/ui/UIManager.ts[22m
[2m14:59:48[22m [36m[1m[vite][22m[39m [32mpage reload [39m[2msrc/ui/UIManager.ts[22m
[2m14:59:58[22m [36m[1m[vite][22m[39m [32mhmr update [39m[2m/src/styles.css[22m
[2m15:04:52[22m [36m[1m[vite][22m[39m [32mpage reload [39m[2msrc/world/WorldGenerator.ts[22m
[2m15:05:23[22m [36m[1m[vite][22m[39m [32mpage reload [39m[2msrc/world/WorldGenerator.ts[22m
[2m15:05:31[22m [36m[1m[vite][22m[39m [32mpage reload [39m[2msrc/world/WorldGenerator.ts[22m
[2m15:05:46[22m [36m[1m[vite][22m[39m [32mpage reload [39m[2msrc/ui/UIManager.ts[22m
[2m15:05:59[22m [36m[1m[vite][22m[39m [32mpage reload [39m[2msrc/core/Game.ts[22m
[2m15:06:10[22m [36m[1m[vite][22m[39m [32mhmr update [39m[2m/src/styles.css[22m
[2m15:06:20[22m [36m[1m[vite][22m[39m [32mpage reload [39m[2msrc/world/constants.ts[22m
[2m15:16:39[22m [36m[1m[vite][22m[39m [32mpage reload [39m[2msrc/ui/UIManager.ts[22m
[2m15:17:06[22m [36m[1m[vite][22m[39m [32mpage reload [39m[2msrc/core/Game.ts[22m
[2m15:17:26[22m [36m[1m[vite][22m[39m [32mpage reload [39m[2msrc/world/WorldGenerator.ts[22m
[2m15:18:01[22m [36m[1m[vite][22m[39m [32mpage reload [39m[2msrc/world/WorldGenerator.ts[22m
[2m15:18:14[22m [36m[1m[vite][22m[39m [32mhmr update [39m[2m/src/styles.css[22m
[2m15:18:23[22m [36m[1m[vite][22m[39m [32mpage reload [39m[2msrc/world/constants.ts[22m
[2m15:18:51[22m [36m[1m[vite][22m[39m [32mpage reload [39m[2msrc/core/Game.ts[22m
[2m15:22:42[22m [36m[1m[vite][22m[39m [32mpage reload [39m[2msrc/core/Game.ts[22m
[2m15:22:53[22m [36m[1m[vite][22m[39m [32mpage reload [39m[2msrc/ui/UIManager.ts[22m
[2m15:23:00[22m [36m[1m[vite][22m[39m [32mhmr update [39m[2m/src/styles.css[22m
[2m15:23:23[22m [36m[1m[vite][22m[39m [32mpage reload [39m[2msrc/world/WorldGenerator.ts[22m
[2m15:39:56[22m [36m[1m[vite][22m[39m [32mpage reload [39m[2msrc/world/constants.ts[22m
[2m15:40:05[22m [36m[1m[vite][22m[39m [32mpage reload [39m[2msrc/world/tiles.ts[22m
[2m15:40:16[22m [36m[1m[vite][22m[39m [32mpage reload [39m[2msrc/world/WorldMap.ts[22m
[2m15:40:51[22m [36m[1m[vite][22m[39m [32mpage reload [39m[2msrc/assets/builtinTiles.ts[22m
[2m15:41:17[22m [36m[1m[vite][22m[39m [32mpage reload [39m[2msrc/inventory/Inventory.ts[22m
[2m15:41:34[22m [36m[1m[vite][22m[39m [32mpage reload [39m[2msrc/world/WorldGenerator.ts[22m
[2m15:43:31[22m [36m[1m[vite][22m[39m [32mpage reload [39m[2msrc/world/WorldGenerator.ts[22m
[2m15:44:26[22m [36m[1m[vite][22m[39m [32mpage reload [39m[2msrc/world/WorldGenerator.ts[22m
[2m15:44:41[22m [36m[1m[vite][22m[39m [32mpage reload [39m[2msrc/render/MiniMapRenderer.ts[22m
[2m15:45:09[22m [36m[1m[vite][22m[39m [32mpage reload [39m[2msrc/entities/NPC.ts[22m
[2m15:45:18[22m [36m[1m[vite][22m[39m [32mpage reload [39m[2msrc/entities/Player.ts[22m
[2m15:45:32[22m [36m[1m[vite][22m[39m [32mpage reload [39m[2msrc/save/SaveSystem.ts[22m
[2m15:46:24[22m [36m[1m[vite][22m[39m [32mpage reload [39m[2msrc/ui/UIManager.ts[22m
[2m15:46:40[22m [36m[1m[vite][22m[39m [32mpage reload [39m[2msrc/ui/UIManager.ts[22m
[2m15:46:55[22m [36m[1m[vite][22m[39m [32mpage reload [39m[2msrc/ui/UIManager.ts[22m
[2m15:47:06[22m [36m[1m[vite][22m[39m [32mpage reload [39m[2msrc/ui/UIManager.ts[22m
[2m15:47:34[22m [36m[1m[vite][22m[39m [32mpage reload [39m[2msrc/ui/UIManager.ts[22m
[2m15:47:49[22m [36m[1m[vite][22m[39m [32mpage reload [39m[2msrc/ui/UIManager.ts[22m
[2m15:47:59[22m [36m[1m[vite][22m[39m [32mpage reload [39m[2msrc/ui/UIManager.ts[22m
[2m15:48:19[22m [36m[1m[vite][22m[39m [32mpage reload [39m[2msrc/world/WorldMap.ts[22m
[2m15:48:34[22m [36m[1m[vite][22m[39m [32mpage reload [39m[2msrc/core/Game.ts[22m
[2m15:48:47[22m [36m[1m[vite][22m[39m [32mpage reload [39m[2msrc/core/Game.ts[22m
[2m15:48:57[22m [36m[1m[vite][22m[39m [32mpage reload [39m[2msrc/save/SaveSystem.ts[22m
[2m15:49:06[22m [36m[1m[vite][22m[39m [32mpage reload [39m[2msrc/core/Game.ts[22m
[2m15:49:20[22m [36m[1m[vite][22m[39m [32mpage reload [39m[2msrc/core/Game.ts[22m
[2m15:49:43[22m [36m[1m[vite][22m[39m [32mpage reload [39m[2msrc/core/Game.ts[22m
[2m15:49:52[22m [36m[1m[vite][22m[39m [32mpage reload [39m[2msrc/core/Game.ts[22m
[2m15:50:05[22m [36m[1m[vite][22m[39m [32mpage reload [39m[2msrc/core/Game.ts[22m
[2m15:50:47[22m [36m[1m[vite][22m[39m [32mpage reload [39m[2msrc/core/Game.ts[22m
[2m15:51:16[22m [36m[1m[vite][22m[39m [32mpage reload [39m[2msrc/core/Game.ts[22m
[2m15:51:43[22m [36m[1m[vite][22m[39m [32mpage reload [39m[2msrc/core/Game.ts[22m
[2m15:52:04[22m [36m[1m[vite][22m[39m [32mpage reload [39m[2msrc/core/Game.ts[22m
[2m15:52:12[22m [36m[1m[vite][22m[39m [32mpage reload [39m[2msrc/core/Game.ts[22m
[2m15:52:23[22m [36m[1m[vite][22m[39m [32mpage reload [39m[2msrc/core/Game.ts[22m
[2m15:52:35[22m [36m[1m[vite][22m[39m [32mpage reload [39m[2msrc/core/Game.ts[22m
[2m15:52:46[22m [36m[1m[vite][22m[39m [32mpage reload [39m[2msrc/ui/UIManager.ts[22m
[2m15:52:57[22m [36m[1m[vite][22m[39m [32mhmr update [39m[2m/src/styles.css[22m
[2m15:53:46[22m [36m[1m[vite][22m[39m [32mpage reload [39m[2msrc/ui/UIManager.ts[22m
[2m15:53:56[22m [36m[1m[vite][22m[39m [32mpage reload [39m[2msrc/world/WorldMap.ts[22m
[2m15:54:07[22m [36m[1m[vite][22m[39m [32mpage reload [39m[2msrc/world/WorldGenerator.ts[22m
[2m15:54:18[22m [36m[1m[vite][22m[39m [32mpage reload [39m[2msrc/ui/UIManager.ts[22m
[2m15:55:03[22m [36m[1m[vite][22m[39m [32mpage reload [39m[2msrc/core/Game.ts[22m
[2m15:55:35[22m [36m[1m[vite][22m[39m [32mpage reload [39m[2msrc/world/WorldGenerator.ts[22m
[2m15:55:46[22m [36m[1m[vite][22m[39m [32mpage reload [39m[2msrc/ui/UIManager.ts[22m
